c:\users\eldarian\source\repos\lchess2\debug\vc142.pdb
c:\users\eldarian\source\repos\lchess2\debug\ldesk.obj
c:\users\eldarian\source\repos\lchess2\debug\lfigure.obj
c:\users\eldarian\source\repos\lchess2\debug\loptions.obj
c:\users\eldarian\source\repos\lchess2\debug\lnetgame.obj
c:\users\eldarian\source\repos\lchess2\debug\lpawn.obj
c:\users\eldarian\source\repos\lchess2\debug\lhorse.obj
c:\users\eldarian\source\repos\lchess2\debug\lrook.obj
c:\users\eldarian\source\repos\lchess2\debug\lgame.obj
c:\users\eldarian\source\repos\lchess2\debug\lbigame.obj
c:\users\eldarian\source\repos\lchess2\debug\lnewgame.obj
c:\users\eldarian\source\repos\lchess2\debug\lking.obj
c:\users\eldarian\source\repos\lchess2\debug\main.obj
c:\users\eldarian\source\repos\lchess2\debug\lloadgame.obj
c:\users\eldarian\source\repos\lchess2\debug\lsavegame.obj
c:\users\eldarian\source\repos\lchess2\debug\lmainwidget.obj
c:\users\eldarian\source\repos\lchess2\debug\lbotgame.obj
c:\users\eldarian\source\repos\lchess2\debug\lqueen.obj
c:\users\eldarian\source\repos\lchess2\debug\lelephant.obj
c:\users\eldarian\source\repos\lchess2\debug\lsquare.obj
c:\users\eldarian\source\repos\lchess2\debug\moc_lnewgame.obj
c:\users\eldarian\source\repos\lchess2\debug\qrc_lchess2.obj
c:\users\eldarian\source\repos\lchess2\debug\moc_lmainwidget.obj
c:\users\eldarian\source\repos\lchess2\debug\rcc\qrc_lchess2.cpp
c:\users\eldarian\source\repos\lchess2\debug\moc\moc_lnewgame.cpp
c:\users\eldarian\source\repos\lchess2\debug\moc\moc_lmainwidget.cpp
c:\users\eldarian\source\repos\lchess2\debug\lchess2.exe
c:\users\eldarian\source\repos\lchess2\debug\lchess2.ilk
c:\users\eldarian\source\repos\lchess2\debug\lchess2.pdb
c:\users\eldarian\source\repos\lchess2\debug\lchess2.tlog\cl.command.1.tlog
c:\users\eldarian\source\repos\lchess2\debug\lchess2.tlog\cl.read.1.tlog
c:\users\eldarian\source\repos\lchess2\debug\lchess2.tlog\cl.write.1.tlog
c:\users\eldarian\source\repos\lchess2\debug\lchess2.tlog\lchess2.write.1u.tlog
c:\users\eldarian\source\repos\lchess2\debug\lchess2.tlog\link.command.1.tlog
c:\users\eldarian\source\repos\lchess2\debug\lchess2.tlog\link.read.1.tlog
c:\users\eldarian\source\repos\lchess2\debug\lchess2.tlog\link.write.1.tlog
c:\users\eldarian\source\repos\lchess2\debug\lchess2.tlog\moc.read.1u.tlog
c:\users\eldarian\source\repos\lchess2\debug\lchess2.tlog\moc.write.1u.tlog
c:\users\eldarian\source\repos\lchess2\debug\lchess2.tlog\rcc.read.1u.tlog
c:\users\eldarian\source\repos\lchess2\debug\lchess2.tlog\rcc.write.1u.tlog
